2018-07-04 13:00:49,789 Orchard.Recipes.Services.RecipeManager - Default - INFO Executing recipe 'Default'. [ExecutionId=47b72abfd71c4227895047d3d53d3278]
2018-07-04 13:00:49,809 Orchard.Recipes.Services.RecipeStepQueue - Default - INFO Enqueuing recipe step 'Feature'. [ExecutionId=47b72abfd71c4227895047d3d53d3278]
2018-07-04 13:00:49,812 Orchard.Recipes.Services.RecipeStepQueue - Default - INFO Enqueuing recipe step 'ContentDefinition'. [ExecutionId=47b72abfd71c4227895047d3d53d3278]
2018-07-04 13:00:49,815 Orchard.Recipes.Services.RecipeStepQueue - Default - INFO Enqueuing recipe step 'Settings'. [ExecutionId=47b72abfd71c4227895047d3d53d3278]
2018-07-04 13:00:49,817 Orchard.Recipes.Services.RecipeStepQueue - Default - INFO Enqueuing recipe step 'Migration'. [ExecutionId=47b72abfd71c4227895047d3d53d3278]
2018-07-04 13:00:49,818 Orchard.Recipes.Services.RecipeStepQueue - Default - INFO Enqueuing recipe step 'Command'. [ExecutionId=47b72abfd71c4227895047d3d53d3278]
2018-07-04 13:00:49,824 Orchard.Recipes.Services.RecipeStepQueue - Default - INFO Enqueuing recipe step 'ActivateShell'. [ExecutionId=(null)]
2018-07-04 13:00:50,062 Orchard.Recipes.Services.RecipeStepQueue - Default - INFO Dequeuing recipe steps. [ExecutionId=47b72abfd71c4227895047d3d53d3278]
2018-07-04 13:00:50,064 Orchard.Recipes.Services.RecipeStepQueue - Default - INFO Dequeuing recipe step 'Feature'. [ExecutionId=47b72abfd71c4227895047d3d53d3278]
2018-07-04 13:00:50,065 Orchard.Recipes.Services.RecipeStepExecutor - Default - INFO Executing recipe step 'Feature'. [ExecutionId=47b72abfd71c4227895047d3d53d3278]
2018-07-04 13:00:50,068 Orchard.Recipes.Providers.RecipeHandlers.RecipeExecutionStepHandler - Default - INFO Executing recipe step 'Feature'. [ExecutionId=47b72abfd71c4227895047d3d53d3278]
2018-07-04 13:00:50,073 Orchard.Recipes.Services.RecipeExecutionLogger - Default - INFO FeatureStep: Enabling features: Orchard.Blogs;Orchard.Comments;Orchard.Tags;Orchard.Alias;Orchard.Autoroute;TinyMce;Orchard.MediaLibrary;Orchard.ContentPicker;Orchard.PublishLater;Orchard.Resources;Orchard.Widgets;Orchard.ContentTypes;Orchard.Scripting;Orchard.Scripting.Lightweight;PackagingServices;Orchard.Packaging;Orchard.Projections;Orchard.Fields;Orchard.OutputCache;Orchard.Taxonomies;Orchard.Workflows;Orchard.Layouts;Orchard.Layouts.Tokens;TheThemeMachine [ExecutionId=47b72abfd71c4227895047d3d53d3278]
2018-07-04 13:00:50,176 Orchard.Recipes.Providers.RecipeHandlers.RecipeExecutionStepHandler - Default - INFO Finished executing recipe step 'Feature'. [ExecutionId=47b72abfd71c4227895047d3d53d3278]
2018-07-04 13:00:50,202 Orchard.Recipes.Services.RecipeScheduler - Default - INFO Scheduling next step of recipe. [ExecutionId=47b72abfd71c4227895047d3d53d3278]
2018-07-04 13:00:54,553 Orchard.Recipes.Services.RecipeStepQueue - Default - INFO Dequeuing recipe steps. [ExecutionId=47b72abfd71c4227895047d3d53d3278]
2018-07-04 13:00:54,554 Orchard.Recipes.Services.RecipeStepQueue - Default - INFO Dequeuing recipe step 'ContentDefinition'. [ExecutionId=47b72abfd71c4227895047d3d53d3278]
2018-07-04 13:00:54,555 Orchard.Recipes.Services.RecipeStepExecutor - Default - INFO Executing recipe step 'ContentDefinition'. [ExecutionId=47b72abfd71c4227895047d3d53d3278]
2018-07-04 13:00:54,556 Orchard.Recipes.Providers.RecipeHandlers.RecipeExecutionStepHandler - Default - INFO Executing recipe step 'ContentDefinition'. [ExecutionId=47b72abfd71c4227895047d3d53d3278]
2018-07-04 13:00:54,558 Orchard.Recipes.Services.RecipeExecutionLogger - Default - INFO ContentDefinitionStep: Importing content type 'Page'. [ExecutionId=47b72abfd71c4227895047d3d53d3278]
2018-07-04 13:00:54,673 Orchard.Recipes.Services.RecipeExecutionLogger - Default - INFO ContentDefinitionStep: Importing content type 'BlogPost'. [ExecutionId=47b72abfd71c4227895047d3d53d3278]
2018-07-04 13:00:54,696 Orchard.Recipes.Services.RecipeExecutionLogger - Default - INFO ContentDefinitionStep: Importing content part 'BodyPart'. [ExecutionId=47b72abfd71c4227895047d3d53d3278]
2018-07-04 13:00:54,705 Orchard.Recipes.Providers.RecipeHandlers.RecipeExecutionStepHandler - Default - INFO Finished executing recipe step 'ContentDefinition'. [ExecutionId=47b72abfd71c4227895047d3d53d3278]
2018-07-04 13:00:54,712 Orchard.Recipes.Services.RecipeScheduler - Default - INFO Scheduling next step of recipe. [ExecutionId=47b72abfd71c4227895047d3d53d3278]
2018-07-04 13:00:54,999 Orchard.Recipes.Services.RecipeStepQueue - Default - INFO Dequeuing recipe steps. [ExecutionId=47b72abfd71c4227895047d3d53d3278]
2018-07-04 13:00:55,000 Orchard.Recipes.Services.RecipeStepQueue - Default - INFO Dequeuing recipe step 'Settings'. [ExecutionId=47b72abfd71c4227895047d3d53d3278]
2018-07-04 13:00:55,001 Orchard.Recipes.Services.RecipeStepExecutor - Default - INFO Executing recipe step 'Settings'. [ExecutionId=47b72abfd71c4227895047d3d53d3278]
2018-07-04 13:00:55,002 Orchard.Recipes.Providers.RecipeHandlers.RecipeExecutionStepHandler - Default - INFO Executing recipe step 'Settings'. [ExecutionId=47b72abfd71c4227895047d3d53d3278]
2018-07-04 13:00:55,251 Orchard.Recipes.Providers.RecipeHandlers.RecipeExecutionStepHandler - Default - INFO Finished executing recipe step 'Settings'. [ExecutionId=47b72abfd71c4227895047d3d53d3278]
2018-07-04 13:00:55,258 Orchard.Recipes.Services.RecipeScheduler - Default - INFO Scheduling next step of recipe. [ExecutionId=47b72abfd71c4227895047d3d53d3278]
2018-07-04 13:00:55,460 Orchard.Recipes.Services.RecipeStepQueue - Default - INFO Dequeuing recipe steps. [ExecutionId=47b72abfd71c4227895047d3d53d3278]
2018-07-04 13:00:55,461 Orchard.Recipes.Services.RecipeStepQueue - Default - INFO Dequeuing recipe step 'Migration'. [ExecutionId=47b72abfd71c4227895047d3d53d3278]
2018-07-04 13:00:55,462 Orchard.Recipes.Services.RecipeStepExecutor - Default - INFO Executing recipe step 'Migration'. [ExecutionId=47b72abfd71c4227895047d3d53d3278]
2018-07-04 13:00:55,462 Orchard.Recipes.Providers.RecipeHandlers.RecipeExecutionStepHandler - Default - INFO Executing recipe step 'Migration'. [ExecutionId=47b72abfd71c4227895047d3d53d3278]
2018-07-04 13:00:55,538 Orchard.Recipes.Providers.RecipeHandlers.RecipeExecutionStepHandler - Default - INFO Finished executing recipe step 'Migration'. [ExecutionId=47b72abfd71c4227895047d3d53d3278]
2018-07-04 13:00:55,544 Orchard.Recipes.Services.RecipeScheduler - Default - INFO Scheduling next step of recipe. [ExecutionId=47b72abfd71c4227895047d3d53d3278]
2018-07-04 13:00:55,736 Orchard.Recipes.Services.RecipeStepQueue - Default - INFO Dequeuing recipe steps. [ExecutionId=47b72abfd71c4227895047d3d53d3278]
2018-07-04 13:00:55,737 Orchard.Recipes.Services.RecipeStepQueue - Default - INFO Dequeuing recipe step 'Command'. [ExecutionId=47b72abfd71c4227895047d3d53d3278]
2018-07-04 13:00:55,738 Orchard.Recipes.Services.RecipeStepExecutor - Default - INFO Executing recipe step 'Command'. [ExecutionId=47b72abfd71c4227895047d3d53d3278]
2018-07-04 13:00:55,738 Orchard.Recipes.Providers.RecipeHandlers.RecipeExecutionStepHandler - Default - INFO Executing recipe step 'Command'. [ExecutionId=47b72abfd71c4227895047d3d53d3278]
2018-07-04 13:00:55,740 Orchard.Recipes.Services.RecipeExecutionLogger - Default - INFO CommandStep: Executing command: layer create Default /LayerRule:"true" /Description:"The widgets in this layer are displayed on all pages" [ExecutionId=47b72abfd71c4227895047d3d53d3278]
2018-07-04 13:00:55,958 Orchard.Recipes.Services.RecipeExecutionLogger - Default - INFO CommandStep: Executing command: layer create Authenticated /LayerRule:"authenticated" /Description:"The widgets in this layer are displayed when the user is authenticated" [ExecutionId=47b72abfd71c4227895047d3d53d3278]
2018-07-04 13:00:55,976 Orchard.Recipes.Services.RecipeExecutionLogger - Default - INFO CommandStep: Executing command: layer create Anonymous /LayerRule:"not authenticated" /Description:"The widgets in this layer are displayed when the user is anonymous" [ExecutionId=47b72abfd71c4227895047d3d53d3278]
2018-07-04 13:00:55,993 Orchard.Recipes.Services.RecipeExecutionLogger - Default - INFO CommandStep: Executing command: layer create Disabled /LayerRule:"false" /Description:"The widgets in this layer are never displayed" [ExecutionId=47b72abfd71c4227895047d3d53d3278]
2018-07-04 13:00:56,011 Orchard.Recipes.Services.RecipeExecutionLogger - Default - INFO CommandStep: Executing command: layer create TheHomepage /LayerRule:"url '~/'" /Description:"The widgets in this layer are displayed on the home page" [ExecutionId=47b72abfd71c4227895047d3d53d3278]
2018-07-04 13:00:56,028 Orchard.Recipes.Services.RecipeExecutionLogger - Default - INFO CommandStep: Executing command: site setting set baseurl [ExecutionId=47b72abfd71c4227895047d3d53d3278]
2018-07-04 13:00:56,031 Orchard.Recipes.Services.RecipeExecutionLogger - Default - INFO CommandStep: Executing command: menu create /MenuName:"Main Menu" [ExecutionId=47b72abfd71c4227895047d3d53d3278]
2018-07-04 13:00:56,050 Orchard.Recipes.Services.RecipeExecutionLogger - Default - INFO CommandStep: Executing command: page create /Slug:"welcome-to-orchard" /Title:"Welcome to Orchard!" /Path:"welcome-to-orchard" /Homepage:true /Publish:true /UseWelcomeText:true [ExecutionId=47b72abfd71c4227895047d3d53d3278]
2018-07-04 13:00:56,468 Orchard.Recipes.Services.RecipeExecutionLogger - Default - INFO CommandStep: Executing command: menuitem create /MenuPosition:"0" /MenuText:"Home" /Url:"~/" /MenuName:"Main Menu" [ExecutionId=47b72abfd71c4227895047d3d53d3278]
2018-07-04 13:00:56,503 Orchard.Recipes.Services.RecipeExecutionLogger - Default - INFO CommandStep: Executing command: widget create MenuWidget /Title:"Main Menu" /RenderTitle:false /Zone:"Navigation" /Position:"1" /Layer:"Default" /Identity:"MenuWidget1" /MenuName:"Main Menu" [ExecutionId=47b72abfd71c4227895047d3d53d3278]
2018-07-04 13:00:56,557 Orchard.Recipes.Services.RecipeExecutionLogger - Default - INFO CommandStep: Executing command: theme activate "The Theme Machine" [ExecutionId=47b72abfd71c4227895047d3d53d3278]
2018-07-04 13:00:56,561 Orchard.Recipes.Providers.RecipeHandlers.RecipeExecutionStepHandler - Default - INFO Finished executing recipe step 'Command'. [ExecutionId=47b72abfd71c4227895047d3d53d3278]
2018-07-04 13:00:56,568 Orchard.Recipes.Services.RecipeScheduler - Default - INFO Scheduling next step of recipe. [ExecutionId=47b72abfd71c4227895047d3d53d3278]
2018-07-04 13:00:56,820 Orchard.Recipes.Services.RecipeStepQueue - Default - INFO Dequeuing recipe steps. [ExecutionId=47b72abfd71c4227895047d3d53d3278]
2018-07-04 13:00:56,821 Orchard.Recipes.Services.RecipeStepQueue - Default - INFO Dequeuing recipe step 'ActivateShell'. [ExecutionId=47b72abfd71c4227895047d3d53d3278]
2018-07-04 13:00:56,822 Orchard.Recipes.Services.RecipeStepExecutor - Default - INFO Executing recipe step 'ActivateShell'. [ExecutionId=47b72abfd71c4227895047d3d53d3278]
2018-07-04 13:00:56,822 Orchard.Recipes.Providers.RecipeHandlers.RecipeExecutionStepHandler - Default - INFO Executing recipe step 'ActivateShell'. [ExecutionId=47b72abfd71c4227895047d3d53d3278]
2018-07-04 13:00:56,823 Orchard.Recipes.Providers.RecipeHandlers.RecipeExecutionStepHandler - Default - INFO Finished executing recipe step 'ActivateShell'. [ExecutionId=47b72abfd71c4227895047d3d53d3278]
2018-07-04 13:00:56,897 Orchard.Recipes.Services.RecipeScheduler - Default - INFO Scheduling next step of recipe. [ExecutionId=47b72abfd71c4227895047d3d53d3278]
2018-07-04 13:00:57,060 Orchard.Recipes.Services.RecipeStepQueue - Default - INFO Dequeuing recipe steps. [ExecutionId=47b72abfd71c4227895047d3d53d3278]
2018-07-04 13:00:57,062 Orchard.Recipes.Services.RecipeStepExecutor - Default - INFO No more recipe steps left to execute. [ExecutionId=47b72abfd71c4227895047d3d53d3278]
2018-07-04 13:00:57,063 Orchard.Recipes.Services.RecipeScheduler - Default - INFO All recipe steps executed; restarting shell. [ExecutionId=47b72abfd71c4227895047d3d53d3278]
